{"C:\\Users\\jmab2\\dev\\Keepcoding advanced React practise\\src\\api\\client.js": {"path":"C:\\Users\\jmab2\\dev\\Keepcoding advanced React practise\\src\\api\\client.js","statementMap":{"0":{"start":{"line":3,"column":22},"end":{"line":5,"column":2}},"1":{"start":{"line":6,"column":0},"end":{"line":18,"column":2}},"2":{"start":{"line":7,"column":14},"end":{"line":7,"column":27}},"3":{"start":{"line":9,"column":4},"end":{"line":15,"column":5}},"4":{"start":{"line":10,"column":6},"end":{"line":14,"column":9}},"5":{"start":{"line":16,"column":4},"end":{"line":16,"column":54}},"6":{"start":{"line":20,"column":38},"end":{"line":21,"column":71}},"7":{"start":{"line":21,"column":3},"end":{"line":21,"column":70}},"8":{"start":{"line":22,"column":41},"end":{"line":24,"column":1}},"9":{"start":{"line":23,"column":2},"end":{"line":23,"column":57}}},"fnMap":{"0":{"name":"(anonymous_0)","decl":{"start":{"line":7,"column":2},"end":{"line":7,"column":3}},"loc":{"start":{"line":7,"column":14},"end":{"line":7,"column":27}},"line":7},"1":{"name":"(anonymous_1)","decl":{"start":{"line":8,"column":2},"end":{"line":8,"column":3}},"loc":{"start":{"line":8,"column":11},"end":{"line":17,"column":3}},"line":8},"2":{"name":"(anonymous_2)","decl":{"start":{"line":20,"column":38},"end":{"line":20,"column":39}},"loc":{"start":{"line":21,"column":3},"end":{"line":21,"column":70}},"line":21},"3":{"name":"(anonymous_3)","decl":{"start":{"line":22,"column":41},"end":{"line":22,"column":42}},"loc":{"start":{"line":22,"column":47},"end":{"line":24,"column":1}},"line":22}},"branchMap":{"0":{"loc":{"start":{"line":9,"column":4},"end":{"line":15,"column":5}},"type":"if","locations":[{"start":{"line":9,"column":4},"end":{"line":15,"column":5}},{"start":{},"end":{}}],"line":9}},"s":{"0":1,"1":1,"2":0,"3":0,"4":0,"5":0,"6":1,"7":0,"8":1,"9":0},"f":{"0":0,"1":0,"2":0,"3":0},"b":{"0":[0,0]},"_coverageSchema":"1a1c01bbd47fc00a2c39e90264f33305004495a9","hash":"528b7188c7b7bde3a13356c1acc5c8b63d7020cd"}
,"C:\\Users\\jmab2\\dev\\Keepcoding advanced React practise\\src\\api\\service.js": {"path":"C:\\Users\\jmab2\\dev\\Keepcoding advanced React practise\\src\\api\\service.js","statementMap":{"0":{"start":{"line":2,"column":19},"end":{"line":2,"column":36}},"1":{"start":{"line":3,"column":20},"end":{"line":3,"column":42}},"2":{"start":{"line":5,"column":32},"end":{"line":7,"column":1}},"3":{"start":{"line":6,"column":2},"end":{"line":6,"column":32}},"4":{"start":{"line":8,"column":28},"end":{"line":12,"column":1}},"5":{"start":{"line":9,"column":2},"end":{"line":11,"column":5}},"6":{"start":{"line":13,"column":25},"end":{"line":15,"column":1}},"7":{"start":{"line":14,"column":2},"end":{"line":14,"column":49}},"8":{"start":{"line":17,"column":28},"end":{"line":19,"column":1}},"9":{"start":{"line":18,"column":2},"end":{"line":18,"column":52}},"10":{"start":{"line":20,"column":29},"end":{"line":22,"column":1}},"11":{"start":{"line":21,"column":2},"end":{"line":21,"column":33}}},"fnMap":{"0":{"name":"(anonymous_0)","decl":{"start":{"line":5,"column":32},"end":{"line":5,"column":33}},"loc":{"start":{"line":5,"column":38},"end":{"line":7,"column":1}},"line":5},"1":{"name":"(anonymous_1)","decl":{"start":{"line":8,"column":28},"end":{"line":8,"column":29}},"loc":{"start":{"line":8,"column":42},"end":{"line":12,"column":1}},"line":8},"2":{"name":"(anonymous_2)","decl":{"start":{"line":13,"column":25},"end":{"line":13,"column":26}},"loc":{"start":{"line":13,"column":37},"end":{"line":15,"column":1}},"line":13},"3":{"name":"(anonymous_3)","decl":{"start":{"line":17,"column":28},"end":{"line":17,"column":29}},"loc":{"start":{"line":17,"column":40},"end":{"line":19,"column":1}},"line":17},"4":{"name":"(anonymous_4)","decl":{"start":{"line":20,"column":29},"end":{"line":20,"column":30}},"loc":{"start":{"line":20,"column":35},"end":{"line":22,"column":1}},"line":20}},"branchMap":{},"s":{"0":1,"1":1,"2":1,"3":0,"4":1,"5":0,"6":1,"7":0,"8":1,"9":0,"10":1,"11":0},"f":{"0":0,"1":0,"2":0,"3":0,"4":0},"b":{},"_coverageSchema":"1a1c01bbd47fc00a2c39e90264f33305004495a9","hash":"0901075018ef716a04332aee8dac80bbcda673bb"}
,"C:\\Users\\jmab2\\dev\\Keepcoding advanced React practise\\src\\pages\\auth\\service.js": {"path":"C:\\Users\\jmab2\\dev\\Keepcoding advanced React practise\\src\\pages\\auth\\service.js","statementMap":{"0":{"start":{"line":9,"column":22},"end":{"line":13,"column":1}},"1":{"start":{"line":10,"column":2},"end":{"line":10,"column":26}},"2":{"start":{"line":11,"column":2},"end":{"line":11,"column":30}},"3":{"start":{"line":12,"column":2},"end":{"line":12,"column":25}},"4":{"start":{"line":15,"column":21},"end":{"line":26,"column":1}},"5":{"start":{"line":16,"column":25},"end":{"line":16,"column":38}},"6":{"start":{"line":17,"column":2},"end":{"line":25,"column":7}},"7":{"start":{"line":20,"column":6},"end":{"line":20,"column":42}},"8":{"start":{"line":22,"column":6},"end":{"line":24,"column":7}},"9":{"start":{"line":23,"column":8},"end":{"line":23,"column":41}}},"fnMap":{"0":{"name":"(anonymous_0)","decl":{"start":{"line":9,"column":22},"end":{"line":9,"column":23}},"loc":{"start":{"line":9,"column":34},"end":{"line":13,"column":1}},"line":9},"1":{"name":"(anonymous_1)","decl":{"start":{"line":15,"column":21},"end":{"line":15,"column":22}},"loc":{"start":{"line":15,"column":44},"end":{"line":26,"column":1}},"line":15},"2":{"name":"(anonymous_2)","decl":{"start":{"line":19,"column":10},"end":{"line":19,"column":11}},"loc":{"start":{"line":19,"column":31},"end":{"line":25,"column":5}},"line":19}},"branchMap":{"0":{"loc":{"start":{"line":22,"column":6},"end":{"line":24,"column":7}},"type":"if","locations":[{"start":{"line":22,"column":6},"end":{"line":24,"column":7}},{"start":{},"end":{}}],"line":22}},"s":{"0":1,"1":0,"2":0,"3":0,"4":1,"5":0,"6":0,"7":0,"8":0,"9":0},"f":{"0":0,"1":0,"2":0},"b":{"0":[0,0]},"_coverageSchema":"1a1c01bbd47fc00a2c39e90264f33305004495a9","hash":"95f33f404d8bd3c8d978431fa67d8aff78305f1c"}
,"C:\\Users\\jmab2\\dev\\Keepcoding advanced React practise\\src\\store\\actions.js": {"path":"C:\\Users\\jmab2\\dev\\Keepcoding advanced React practise\\src\\store\\actions.js","statementMap":{"0":{"start":{"line":33,"column":32},"end":{"line":35,"column":2}},"1":{"start":{"line":33,"column":39},"end":{"line":35,"column":1}},"2":{"start":{"line":37,"column":32},"end":{"line":39,"column":2}},"3":{"start":{"line":37,"column":39},"end":{"line":39,"column":1}},"4":{"start":{"line":41,"column":32},"end":{"line":45,"column":2}},"5":{"start":{"line":41,"column":42},"end":{"line":45,"column":1}},"6":{"start":{"line":47,"column":36},"end":{"line":50,"column":2}},"7":{"start":{"line":47,"column":48},"end":{"line":50,"column":1}},"8":{"start":{"line":52,"column":36},"end":{"line":54,"column":2}},"9":{"start":{"line":52,"column":43},"end":{"line":54,"column":1}},"10":{"start":{"line":56,"column":36},"end":{"line":60,"column":2}},"11":{"start":{"line":56,"column":46},"end":{"line":60,"column":1}},"12":{"start":{"line":62,"column":25},"end":{"line":73,"column":1}},"13":{"start":{"line":63,"column":2},"end":{"line":72,"column":4}},"14":{"start":{"line":64,"column":4},"end":{"line":71,"column":5}},"15":{"start":{"line":65,"column":6},"end":{"line":65,"column":35}},"16":{"start":{"line":66,"column":6},"end":{"line":66,"column":31}},"17":{"start":{"line":67,"column":6},"end":{"line":67,"column":35}},"18":{"start":{"line":69,"column":6},"end":{"line":69,"column":40}},"19":{"start":{"line":70,"column":6},"end":{"line":70,"column":18}},"20":{"start":{"line":75,"column":28},"end":{"line":77,"column":2}},"21":{"start":{"line":75,"column":35},"end":{"line":77,"column":1}},"22":{"start":{"line":79,"column":26},"end":{"line":81,"column":2}},"23":{"start":{"line":79,"column":33},"end":{"line":81,"column":1}},"24":{"start":{"line":83,"column":27},"end":{"line":97,"column":1}},"25":{"start":{"line":84,"column":2},"end":{"line":96,"column":4}},"26":{"start":{"line":85,"column":4},"end":{"line":87,"column":5}},"27":{"start":{"line":86,"column":6},"end":{"line":86,"column":13}},"28":{"start":{"line":88,"column":4},"end":{"line":95,"column":5}},"29":{"start":{"line":89,"column":6},"end":{"line":89,"column":39}},"30":{"start":{"line":90,"column":22},"end":{"line":90,"column":46}},"31":{"start":{"line":91,"column":6},"end":{"line":91,"column":46}},"32":{"start":{"line":93,"column":6},"end":{"line":93,"column":44}},"33":{"start":{"line":94,"column":6},"end":{"line":94,"column":18}},"34":{"start":{"line":99,"column":36},"end":{"line":102,"column":2}},"35":{"start":{"line":99,"column":47},"end":{"line":102,"column":1}},"36":{"start":{"line":104,"column":36},"end":{"line":106,"column":2}},"37":{"start":{"line":104,"column":43},"end":{"line":106,"column":1}},"38":{"start":{"line":108,"column":36},"end":{"line":112,"column":2}},"39":{"start":{"line":108,"column":46},"end":{"line":112,"column":1}},"40":{"start":{"line":114,"column":29},"end":{"line":128,"column":1}},"41":{"start":{"line":115,"column":2},"end":{"line":127,"column":4}},"42":{"start":{"line":116,"column":4},"end":{"line":118,"column":5}},"43":{"start":{"line":117,"column":6},"end":{"line":117,"column":13}},"44":{"start":{"line":119,"column":4},"end":{"line":126,"column":5}},"45":{"start":{"line":120,"column":6},"end":{"line":120,"column":39}},"46":{"start":{"line":121,"column":21},"end":{"line":121,"column":46}},"47":{"start":{"line":122,"column":6},"end":{"line":122,"column":45}},"48":{"start":{"line":124,"column":6},"end":{"line":124,"column":44}},"49":{"start":{"line":125,"column":6},"end":{"line":125,"column":18}},"50":{"start":{"line":130,"column":37},"end":{"line":133,"column":2}},"51":{"start":{"line":130,"column":48},"end":{"line":133,"column":1}},"52":{"start":{"line":135,"column":37},"end":{"line":137,"column":2}},"53":{"start":{"line":135,"column":44},"end":{"line":137,"column":1}},"54":{"start":{"line":139,"column":37},"end":{"line":143,"column":2}},"55":{"start":{"line":139,"column":47},"end":{"line":143,"column":1}},"56":{"start":{"line":145,"column":30},"end":{"line":156,"column":1}},"57":{"start":{"line":146,"column":2},"end":{"line":155,"column":4}},"58":{"start":{"line":147,"column":4},"end":{"line":154,"column":5}},"59":{"start":{"line":148,"column":6},"end":{"line":148,"column":40}},"60":{"start":{"line":149,"column":28},"end":{"line":149,"column":58}},"61":{"start":{"line":150,"column":6},"end":{"line":150,"column":53}},"62":{"start":{"line":152,"column":6},"end":{"line":152,"column":45}},"63":{"start":{"line":153,"column":6},"end":{"line":153,"column":18}},"64":{"start":{"line":158,"column":33},"end":{"line":161,"column":2}},"65":{"start":{"line":158,"column":42},"end":{"line":161,"column":1}},"66":{"start":{"line":163,"column":33},"end":{"line":165,"column":2}},"67":{"start":{"line":163,"column":40},"end":{"line":165,"column":1}},"68":{"start":{"line":167,"column":33},"end":{"line":171,"column":2}},"69":{"start":{"line":167,"column":43},"end":{"line":171,"column":1}},"70":{"start":{"line":173,"column":24},"end":{"line":187,"column":1}},"71":{"start":{"line":174,"column":2},"end":{"line":186,"column":4}},"72":{"start":{"line":175,"column":4},"end":{"line":177,"column":5}},"73":{"start":{"line":176,"column":6},"end":{"line":176,"column":13}},"74":{"start":{"line":178,"column":4},"end":{"line":185,"column":5}},"75":{"start":{"line":179,"column":6},"end":{"line":179,"column":36}},"76":{"start":{"line":180,"column":19},"end":{"line":180,"column":40}},"77":{"start":{"line":181,"column":6},"end":{"line":181,"column":40}},"78":{"start":{"line":183,"column":6},"end":{"line":183,"column":41}},"79":{"start":{"line":184,"column":6},"end":{"line":184,"column":18}},"80":{"start":{"line":189,"column":36},"end":{"line":191,"column":2}},"81":{"start":{"line":189,"column":43},"end":{"line":191,"column":1}},"82":{"start":{"line":193,"column":36},"end":{"line":195,"column":2}},"83":{"start":{"line":193,"column":43},"end":{"line":195,"column":1}},"84":{"start":{"line":197,"column":36},"end":{"line":201,"column":2}},"85":{"start":{"line":197,"column":46},"end":{"line":201,"column":1}},"86":{"start":{"line":203,"column":29},"end":{"line":214,"column":1}},"87":{"start":{"line":204,"column":2},"end":{"line":213,"column":4}},"88":{"start":{"line":205,"column":4},"end":{"line":212,"column":5}},"89":{"start":{"line":206,"column":6},"end":{"line":206,"column":39}},"90":{"start":{"line":207,"column":6},"end":{"line":207,"column":35}},"91":{"start":{"line":208,"column":6},"end":{"line":208,"column":39}},"92":{"start":{"line":210,"column":6},"end":{"line":210,"column":44}},"93":{"start":{"line":211,"column":6},"end":{"line":211,"column":18}}},"fnMap":{"0":{"name":"(anonymous_0)","decl":{"start":{"line":33,"column":32},"end":{"line":33,"column":33}},"loc":{"start":{"line":33,"column":39},"end":{"line":35,"column":1}},"line":33},"1":{"name":"(anonymous_1)","decl":{"start":{"line":37,"column":32},"end":{"line":37,"column":33}},"loc":{"start":{"line":37,"column":39},"end":{"line":39,"column":1}},"line":37},"2":{"name":"(anonymous_2)","decl":{"start":{"line":41,"column":32},"end":{"line":41,"column":33}},"loc":{"start":{"line":41,"column":42},"end":{"line":45,"column":1}},"line":41},"3":{"name":"(anonymous_3)","decl":{"start":{"line":47,"column":36},"end":{"line":47,"column":37}},"loc":{"start":{"line":47,"column":48},"end":{"line":50,"column":1}},"line":47},"4":{"name":"(anonymous_4)","decl":{"start":{"line":52,"column":36},"end":{"line":52,"column":37}},"loc":{"start":{"line":52,"column":43},"end":{"line":54,"column":1}},"line":52},"5":{"name":"(anonymous_5)","decl":{"start":{"line":56,"column":36},"end":{"line":56,"column":37}},"loc":{"start":{"line":56,"column":46},"end":{"line":60,"column":1}},"line":56},"6":{"name":"(anonymous_6)","decl":{"start":{"line":62,"column":25},"end":{"line":62,"column":26}},"loc":{"start":{"line":62,"column":40},"end":{"line":73,"column":1}},"line":62},"7":{"name":"(anonymous_7)","decl":{"start":{"line":63,"column":9},"end":{"line":63,"column":10}},"loc":{"start":{"line":63,"column":45},"end":{"line":72,"column":3}},"line":63},"8":{"name":"(anonymous_8)","decl":{"start":{"line":75,"column":28},"end":{"line":75,"column":29}},"loc":{"start":{"line":75,"column":35},"end":{"line":77,"column":1}},"line":75},"9":{"name":"(anonymous_9)","decl":{"start":{"line":79,"column":26},"end":{"line":79,"column":27}},"loc":{"start":{"line":79,"column":33},"end":{"line":81,"column":1}},"line":79},"10":{"name":"(anonymous_10)","decl":{"start":{"line":83,"column":27},"end":{"line":83,"column":28}},"loc":{"start":{"line":83,"column":33},"end":{"line":97,"column":1}},"line":83},"11":{"name":"(anonymous_11)","decl":{"start":{"line":84,"column":9},"end":{"line":84,"column":10}},"loc":{"start":{"line":84,"column":45},"end":{"line":96,"column":3}},"line":84},"12":{"name":"(anonymous_12)","decl":{"start":{"line":99,"column":36},"end":{"line":99,"column":37}},"loc":{"start":{"line":99,"column":47},"end":{"line":102,"column":1}},"line":99},"13":{"name":"(anonymous_13)","decl":{"start":{"line":104,"column":36},"end":{"line":104,"column":37}},"loc":{"start":{"line":104,"column":43},"end":{"line":106,"column":1}},"line":104},"14":{"name":"(anonymous_14)","decl":{"start":{"line":108,"column":36},"end":{"line":108,"column":37}},"loc":{"start":{"line":108,"column":46},"end":{"line":112,"column":1}},"line":108},"15":{"name":"(anonymous_15)","decl":{"start":{"line":114,"column":29},"end":{"line":114,"column":30}},"loc":{"start":{"line":114,"column":41},"end":{"line":128,"column":1}},"line":114},"16":{"name":"(anonymous_16)","decl":{"start":{"line":115,"column":9},"end":{"line":115,"column":10}},"loc":{"start":{"line":115,"column":45},"end":{"line":127,"column":3}},"line":115},"17":{"name":"(anonymous_17)","decl":{"start":{"line":130,"column":37},"end":{"line":130,"column":38}},"loc":{"start":{"line":130,"column":48},"end":{"line":133,"column":1}},"line":130},"18":{"name":"(anonymous_18)","decl":{"start":{"line":135,"column":37},"end":{"line":135,"column":38}},"loc":{"start":{"line":135,"column":44},"end":{"line":137,"column":1}},"line":135},"19":{"name":"(anonymous_19)","decl":{"start":{"line":139,"column":37},"end":{"line":139,"column":38}},"loc":{"start":{"line":139,"column":47},"end":{"line":143,"column":1}},"line":139},"20":{"name":"(anonymous_20)","decl":{"start":{"line":145,"column":30},"end":{"line":145,"column":31}},"loc":{"start":{"line":145,"column":44},"end":{"line":156,"column":1}},"line":145},"21":{"name":"(anonymous_21)","decl":{"start":{"line":146,"column":9},"end":{"line":146,"column":10}},"loc":{"start":{"line":146,"column":45},"end":{"line":155,"column":3}},"line":146},"22":{"name":"(anonymous_22)","decl":{"start":{"line":158,"column":33},"end":{"line":158,"column":34}},"loc":{"start":{"line":158,"column":42},"end":{"line":161,"column":1}},"line":158},"23":{"name":"(anonymous_23)","decl":{"start":{"line":163,"column":33},"end":{"line":163,"column":34}},"loc":{"start":{"line":163,"column":40},"end":{"line":165,"column":1}},"line":163},"24":{"name":"(anonymous_24)","decl":{"start":{"line":167,"column":33},"end":{"line":167,"column":34}},"loc":{"start":{"line":167,"column":43},"end":{"line":171,"column":1}},"line":167},"25":{"name":"(anonymous_25)","decl":{"start":{"line":173,"column":24},"end":{"line":173,"column":25}},"loc":{"start":{"line":173,"column":30},"end":{"line":187,"column":1}},"line":173},"26":{"name":"(anonymous_26)","decl":{"start":{"line":174,"column":9},"end":{"line":174,"column":10}},"loc":{"start":{"line":174,"column":45},"end":{"line":186,"column":3}},"line":174},"27":{"name":"(anonymous_27)","decl":{"start":{"line":189,"column":36},"end":{"line":189,"column":37}},"loc":{"start":{"line":189,"column":43},"end":{"line":191,"column":1}},"line":189},"28":{"name":"(anonymous_28)","decl":{"start":{"line":193,"column":36},"end":{"line":193,"column":37}},"loc":{"start":{"line":193,"column":43},"end":{"line":195,"column":1}},"line":193},"29":{"name":"(anonymous_29)","decl":{"start":{"line":197,"column":36},"end":{"line":197,"column":37}},"loc":{"start":{"line":197,"column":46},"end":{"line":201,"column":1}},"line":197},"30":{"name":"(anonymous_30)","decl":{"start":{"line":203,"column":29},"end":{"line":203,"column":30}},"loc":{"start":{"line":203,"column":41},"end":{"line":214,"column":1}},"line":203},"31":{"name":"(anonymous_31)","decl":{"start":{"line":204,"column":9},"end":{"line":204,"column":10}},"loc":{"start":{"line":204,"column":45},"end":{"line":213,"column":3}},"line":204}},"branchMap":{"0":{"loc":{"start":{"line":85,"column":4},"end":{"line":87,"column":5}},"type":"if","locations":[{"start":{"line":85,"column":4},"end":{"line":87,"column":5}},{"start":{},"end":{}}],"line":85},"1":{"loc":{"start":{"line":116,"column":4},"end":{"line":118,"column":5}},"type":"if","locations":[{"start":{"line":116,"column":4},"end":{"line":118,"column":5}},{"start":{},"end":{}}],"line":116},"2":{"loc":{"start":{"line":175,"column":4},"end":{"line":177,"column":5}},"type":"if","locations":[{"start":{"line":175,"column":4},"end":{"line":177,"column":5}},{"start":{},"end":{}}],"line":175}},"s":{"0":1,"1":1,"2":1,"3":0,"4":1,"5":0,"6":1,"7":0,"8":1,"9":0,"10":1,"11":0,"12":1,"13":0,"14":0,"15":0,"16":0,"17":0,"18":0,"19":0,"20":1,"21":0,"22":1,"23":1,"24":1,"25":0,"26":0,"27":0,"28":0,"29":0,"30":0,"31":0,"32":0,"33":0,"34":1,"35":0,"36":1,"37":0,"38":1,"39":0,"40":1,"41":0,"42":0,"43":0,"44":0,"45":0,"46":0,"47":0,"48":0,"49":0,"50":1,"51":0,"52":1,"53":2,"54":1,"55":0,"56":1,"57":0,"58":0,"59":0,"60":0,"61":0,"62":0,"63":0,"64":1,"65":0,"66":1,"67":0,"68":1,"69":0,"70":1,"71":0,"72":0,"73":0,"74":0,"75":0,"76":0,"77":0,"78":0,"79":0,"80":1,"81":0,"82":1,"83":0,"84":1,"85":0,"86":1,"87":0,"88":0,"89":0,"90":0,"91":0,"92":0,"93":0},"f":{"0":1,"1":0,"2":0,"3":0,"4":0,"5":0,"6":0,"7":0,"8":0,"9":1,"10":0,"11":0,"12":0,"13":0,"14":0,"15":0,"16":0,"17":0,"18":2,"19":0,"20":0,"21":0,"22":0,"23":0,"24":0,"25":0,"26":0,"27":0,"28":0,"29":0,"30":0,"31":0},"b":{"0":[0,0],"1":[0,0],"2":[0,0]},"_coverageSchema":"1a1c01bbd47fc00a2c39e90264f33305004495a9","hash":"2f3c09b4d9903e8fb68326042e3b14ee84e9bec5"}
,"C:\\Users\\jmab2\\dev\\Keepcoding advanced React practise\\src\\store\\reducers.js": {"path":"C:\\Users\\jmab2\\dev\\Keepcoding advanced React practise\\src\\store\\reducers.js","statementMap":{"0":{"start":{"line":11,"column":28},"end":{"line":22,"column":1}},"1":{"start":{"line":24,"column":20},"end":{"line":33,"column":1}},"2":{"start":{"line":25,"column":2},"end":{"line":32,"column":3}},"3":{"start":{"line":27,"column":6},"end":{"line":27,"column":18}},"4":{"start":{"line":29,"column":6},"end":{"line":29,"column":19}},"5":{"start":{"line":31,"column":6},"end":{"line":31,"column":19}},"6":{"start":{"line":35,"column":23},"end":{"line":49,"column":1}},"7":{"start":{"line":36,"column":2},"end":{"line":48,"column":3}},"8":{"start":{"line":38,"column":6},"end":{"line":38,"column":55}},"9":{"start":{"line":41,"column":6},"end":{"line":41,"column":58}},"10":{"start":{"line":43,"column":6},"end":{"line":43,"column":65}},"11":{"start":{"line":45,"column":6},"end":{"line":45,"column":44}},"12":{"start":{"line":47,"column":6},"end":{"line":47,"column":19}},"13":{"start":{"line":51,"column":18},"end":{"line":65,"column":1}},"14":{"start":{"line":52,"column":2},"end":{"line":54,"column":3}},"15":{"start":{"line":53,"column":4},"end":{"line":53,"column":56}},"16":{"start":{"line":55,"column":2},"end":{"line":57,"column":3}},"17":{"start":{"line":56,"column":4},"end":{"line":56,"column":45}},"18":{"start":{"line":58,"column":2},"end":{"line":60,"column":3}},"19":{"start":{"line":59,"column":4},"end":{"line":59,"column":46}},"20":{"start":{"line":61,"column":2},"end":{"line":63,"column":3}},"21":{"start":{"line":62,"column":4},"end":{"line":62,"column":37}},"22":{"start":{"line":64,"column":2},"end":{"line":64,"column":15}},"23":{"start":{"line":67,"column":20},"end":{"line":74,"column":1}},"24":{"start":{"line":68,"column":2},"end":{"line":73,"column":3}},"25":{"start":{"line":70,"column":6},"end":{"line":70,"column":55}},"26":{"start":{"line":72,"column":6},"end":{"line":72,"column":19}}},"fnMap":{"0":{"name":"(anonymous_0)","decl":{"start":{"line":24,"column":20},"end":{"line":24,"column":21}},"loc":{"start":{"line":24,"column":59},"end":{"line":33,"column":1}},"line":24},"1":{"name":"(anonymous_1)","decl":{"start":{"line":35,"column":23},"end":{"line":35,"column":24}},"loc":{"start":{"line":35,"column":65},"end":{"line":49,"column":1}},"line":35},"2":{"name":"(anonymous_2)","decl":{"start":{"line":51,"column":18},"end":{"line":51,"column":19}},"loc":{"start":{"line":51,"column":55},"end":{"line":65,"column":1}},"line":51},"3":{"name":"(anonymous_3)","decl":{"start":{"line":67,"column":20},"end":{"line":67,"column":21}},"loc":{"start":{"line":67,"column":59},"end":{"line":74,"column":1}},"line":67}},"branchMap":{"0":{"loc":{"start":{"line":24,"column":21},"end":{"line":24,"column":46}},"type":"default-arg","locations":[{"start":{"line":24,"column":29},"end":{"line":24,"column":46}}],"line":24},"1":{"loc":{"start":{"line":25,"column":2},"end":{"line":32,"column":3}},"type":"switch","locations":[{"start":{"line":26,"column":4},"end":{"line":27,"column":18}},{"start":{"line":28,"column":4},"end":{"line":29,"column":19}},{"start":{"line":30,"column":4},"end":{"line":31,"column":19}}],"line":25},"2":{"loc":{"start":{"line":35,"column":24},"end":{"line":35,"column":52}},"type":"default-arg","locations":[{"start":{"line":35,"column":32},"end":{"line":35,"column":52}}],"line":35},"3":{"loc":{"start":{"line":36,"column":2},"end":{"line":48,"column":3}},"type":"switch","locations":[{"start":{"line":37,"column":4},"end":{"line":38,"column":55}},{"start":{"line":40,"column":4},"end":{"line":41,"column":58}},{"start":{"line":42,"column":4},"end":{"line":43,"column":65}},{"start":{"line":44,"column":4},"end":{"line":45,"column":44}},{"start":{"line":46,"column":4},"end":{"line":47,"column":19}}],"line":36},"4":{"loc":{"start":{"line":51,"column":19},"end":{"line":51,"column":42}},"type":"default-arg","locations":[{"start":{"line":51,"column":27},"end":{"line":51,"column":42}}],"line":51},"5":{"loc":{"start":{"line":52,"column":2},"end":{"line":54,"column":3}},"type":"if","locations":[{"start":{"line":52,"column":2},"end":{"line":54,"column":3}},{"start":{},"end":{}}],"line":52},"6":{"loc":{"start":{"line":55,"column":2},"end":{"line":57,"column":3}},"type":"if","locations":[{"start":{"line":55,"column":2},"end":{"line":57,"column":3}},{"start":{},"end":{}}],"line":55},"7":{"loc":{"start":{"line":58,"column":2},"end":{"line":60,"column":3}},"type":"if","locations":[{"start":{"line":58,"column":2},"end":{"line":60,"column":3}},{"start":{},"end":{}}],"line":58},"8":{"loc":{"start":{"line":61,"column":2},"end":{"line":63,"column":3}},"type":"if","locations":[{"start":{"line":61,"column":2},"end":{"line":63,"column":3}},{"start":{},"end":{}}],"line":61},"9":{"loc":{"start":{"line":67,"column":21},"end":{"line":67,"column":46}},"type":"default-arg","locations":[{"start":{"line":67,"column":29},"end":{"line":67,"column":46}}],"line":67},"10":{"loc":{"start":{"line":68,"column":2},"end":{"line":73,"column":3}},"type":"switch","locations":[{"start":{"line":69,"column":4},"end":{"line":70,"column":55}},{"start":{"line":71,"column":4},"end":{"line":72,"column":19}}],"line":68}},"s":{"0":1,"1":1,"2":4,"3":1,"4":1,"5":2,"6":1,"7":0,"8":0,"9":0,"10":0,"11":0,"12":0,"13":1,"14":0,"15":0,"16":0,"17":0,"18":0,"19":0,"20":0,"21":0,"22":0,"23":1,"24":0,"25":0,"26":0},"f":{"0":4,"1":0,"2":0,"3":0},"b":{"0":[1],"1":[1,1,2],"2":[0],"3":[0,0,0,0,0],"4":[0],"5":[0,0],"6":[0,0],"7":[0,0],"8":[0,0],"9":[0],"10":[0,0]},"_coverageSchema":"1a1c01bbd47fc00a2c39e90264f33305004495a9","hash":"97c3a32697b2ae0a008ce218395dc54e3c3bfee4"}
,"C:\\Users\\jmab2\\dev\\Keepcoding advanced React practise\\src\\store\\selectors.js": {"path":"C:\\Users\\jmab2\\dev\\Keepcoding advanced React practise\\src\\store\\selectors.js","statementMap":{"0":{"start":{"line":1,"column":27},"end":{"line":1,"column":46}},"1":{"start":{"line":1,"column":36},"end":{"line":1,"column":46}},"2":{"start":{"line":2,"column":26},"end":{"line":2,"column":53}},"3":{"start":{"line":2,"column":35},"end":{"line":2,"column":53}},"4":{"start":{"line":3,"column":29},"end":{"line":4,"column":58}},"5":{"start":{"line":3,"column":41},"end":{"line":4,"column":58}},"6":{"start":{"line":4,"column":2},"end":{"line":4,"column":58}},"7":{"start":{"line":4,"column":35},"end":{"line":4,"column":57}},"8":{"start":{"line":5,"column":21},"end":{"line":5,"column":38}},"9":{"start":{"line":5,"column":30},"end":{"line":5,"column":38}},"10":{"start":{"line":6,"column":32},"end":{"line":6,"column":64}},"11":{"start":{"line":6,"column":41},"end":{"line":6,"column":64}},"12":{"start":{"line":7,"column":29},"end":{"line":7,"column":58}},"13":{"start":{"line":7,"column":38},"end":{"line":7,"column":58}}},"fnMap":{"0":{"name":"(anonymous_0)","decl":{"start":{"line":1,"column":27},"end":{"line":1,"column":28}},"loc":{"start":{"line":1,"column":36},"end":{"line":1,"column":46}},"line":1},"1":{"name":"(anonymous_1)","decl":{"start":{"line":2,"column":26},"end":{"line":2,"column":27}},"loc":{"start":{"line":2,"column":35},"end":{"line":2,"column":53}},"line":2},"2":{"name":"(anonymous_2)","decl":{"start":{"line":3,"column":29},"end":{"line":3,"column":30}},"loc":{"start":{"line":3,"column":41},"end":{"line":4,"column":58}},"line":3},"3":{"name":"(anonymous_3)","decl":{"start":{"line":3,"column":41},"end":{"line":3,"column":42}},"loc":{"start":{"line":4,"column":2},"end":{"line":4,"column":58}},"line":4},"4":{"name":"(anonymous_4)","decl":{"start":{"line":4,"column":25},"end":{"line":4,"column":26}},"loc":{"start":{"line":4,"column":35},"end":{"line":4,"column":57}},"line":4},"5":{"name":"(anonymous_5)","decl":{"start":{"line":5,"column":21},"end":{"line":5,"column":22}},"loc":{"start":{"line":5,"column":30},"end":{"line":5,"column":38}},"line":5},"6":{"name":"(anonymous_6)","decl":{"start":{"line":6,"column":32},"end":{"line":6,"column":33}},"loc":{"start":{"line":6,"column":41},"end":{"line":6,"column":64}},"line":6},"7":{"name":"(anonymous_7)","decl":{"start":{"line":7,"column":29},"end":{"line":7,"column":30}},"loc":{"start":{"line":7,"column":38},"end":{"line":7,"column":58}},"line":7}},"branchMap":{},"s":{"0":2,"1":0,"2":2,"3":2,"4":2,"5":2,"6":2,"7":2,"8":2,"9":0,"10":2,"11":0,"12":2,"13":0},"f":{"0":0,"1":2,"2":2,"3":2,"4":2,"5":0,"6":0,"7":0},"b":{},"_coverageSchema":"1a1c01bbd47fc00a2c39e90264f33305004495a9","hash":"839857be966fb89723438b37002d6261343b41ab"}
,"C:\\Users\\jmab2\\dev\\Keepcoding advanced React practise\\src\\store\\types.js": {"path":"C:\\Users\\jmab2\\dev\\Keepcoding advanced React practise\\src\\store\\types.js","statementMap":{"0":{"start":{"line":1,"column":34},"end":{"line":1,"column":54}},"1":{"start":{"line":2,"column":34},"end":{"line":2,"column":54}},"2":{"start":{"line":3,"column":34},"end":{"line":3,"column":54}},"3":{"start":{"line":5,"column":30},"end":{"line":5,"column":40}},"4":{"start":{"line":7,"column":27},"end":{"line":7,"column":40}},"5":{"start":{"line":9,"column":38},"end":{"line":9,"column":62}},"6":{"start":{"line":10,"column":38},"end":{"line":10,"column":62}},"7":{"start":{"line":11,"column":38},"end":{"line":11,"column":62}},"8":{"start":{"line":13,"column":38},"end":{"line":13,"column":62}},"9":{"start":{"line":14,"column":38},"end":{"line":14,"column":62}},"10":{"start":{"line":15,"column":38},"end":{"line":15,"column":62}},"11":{"start":{"line":17,"column":39},"end":{"line":17,"column":64}},"12":{"start":{"line":18,"column":39},"end":{"line":18,"column":64}},"13":{"start":{"line":19,"column":39},"end":{"line":19,"column":64}},"14":{"start":{"line":21,"column":35},"end":{"line":21,"column":56}},"15":{"start":{"line":22,"column":35},"end":{"line":22,"column":56}},"16":{"start":{"line":23,"column":35},"end":{"line":23,"column":56}},"17":{"start":{"line":25,"column":38},"end":{"line":25,"column":62}},"18":{"start":{"line":26,"column":38},"end":{"line":26,"column":62}},"19":{"start":{"line":27,"column":38},"end":{"line":27,"column":62}}},"fnMap":{},"branchMap":{},"s":{"0":1,"1":1,"2":1,"3":1,"4":1,"5":1,"6":1,"7":1,"8":1,"9":1,"10":1,"11":1,"12":1,"13":1,"14":1,"15":1,"16":1,"17":1,"18":1,"19":1},"f":{},"b":{},"_coverageSchema":"1a1c01bbd47fc00a2c39e90264f33305004495a9","hash":"c3f7e04e7d4090692450f12910a39997ae2a5e8c"}
,"C:\\Users\\jmab2\\dev\\Keepcoding advanced React practise\\src\\utils\\storage.js": {"path":"C:\\Users\\jmab2\\dev\\Keepcoding advanced React practise\\src\\utils\\storage.js","statementMap":{"0":{"start":{"line":1,"column":16},"end":{"line":18,"column":1}},"1":{"start":{"line":3,"column":18},"end":{"line":3,"column":43}},"2":{"start":{"line":4,"column":4},"end":{"line":6,"column":5}},"3":{"start":{"line":5,"column":6},"end":{"line":5,"column":18}},"4":{"start":{"line":7,"column":4},"end":{"line":7,"column":29}},"5":{"start":{"line":10,"column":4},"end":{"line":10,"column":53}},"6":{"start":{"line":13,"column":4},"end":{"line":13,"column":33}},"7":{"start":{"line":16,"column":4},"end":{"line":16,"column":25}}},"fnMap":{"0":{"name":"(anonymous_0)","decl":{"start":{"line":2,"column":2},"end":{"line":2,"column":3}},"loc":{"start":{"line":2,"column":11},"end":{"line":8,"column":3}},"line":2},"1":{"name":"(anonymous_1)","decl":{"start":{"line":9,"column":2},"end":{"line":9,"column":3}},"loc":{"start":{"line":9,"column":18},"end":{"line":11,"column":3}},"line":9},"2":{"name":"(anonymous_2)","decl":{"start":{"line":12,"column":2},"end":{"line":12,"column":3}},"loc":{"start":{"line":12,"column":14},"end":{"line":14,"column":3}},"line":12},"3":{"name":"(anonymous_3)","decl":{"start":{"line":15,"column":2},"end":{"line":15,"column":3}},"loc":{"start":{"line":15,"column":10},"end":{"line":17,"column":3}},"line":15}},"branchMap":{"0":{"loc":{"start":{"line":4,"column":4},"end":{"line":6,"column":5}},"type":"if","locations":[{"start":{"line":4,"column":4},"end":{"line":6,"column":5}},{"start":{},"end":{}}],"line":4}},"s":{"0":1,"1":0,"2":0,"3":0,"4":0,"5":0,"6":0,"7":0},"f":{"0":0,"1":0,"2":0,"3":0},"b":{"0":[0,0]},"_coverageSchema":"1a1c01bbd47fc00a2c39e90264f33305004495a9","hash":"b7e9cd317c454e7bc370931ea60f064fe823659e"}
}
