TN:
SF:src\api\client.js
FN:7,(anonymous_0)
FN:8,(anonymous_1)
FN:20,(anonymous_2)
FN:22,(anonymous_3)
FNF:4
FNH:0
FNDA:0,(anonymous_0)
FNDA:0,(anonymous_1)
FNDA:0,(anonymous_2)
FNDA:0,(anonymous_3)
DA:3,1
DA:6,1
DA:7,0
DA:9,0
DA:10,0
DA:16,0
DA:20,1
DA:21,0
DA:22,1
DA:23,0
LF:10
LH:4
BRDA:9,0,0,0
BRDA:9,0,1,0
BRF:2
BRH:0
end_of_record
TN:
SF:src\api\service.js
FN:5,(anonymous_0)
FN:8,(anonymous_1)
FN:13,(anonymous_2)
FN:17,(anonymous_3)
FN:20,(anonymous_4)
FNF:5
FNH:0
FNDA:0,(anonymous_0)
FNDA:0,(anonymous_1)
FNDA:0,(anonymous_2)
FNDA:0,(anonymous_3)
FNDA:0,(anonymous_4)
DA:2,1
DA:3,1
DA:5,1
DA:6,0
DA:8,1
DA:9,0
DA:13,1
DA:14,0
DA:17,1
DA:18,0
DA:20,1
DA:21,0
LF:12
LH:7
BRF:0
BRH:0
end_of_record
TN:
SF:src\pages\auth\service.js
FN:9,(anonymous_0)
FN:15,(anonymous_1)
FN:19,(anonymous_2)
FNF:3
FNH:0
FNDA:0,(anonymous_0)
FNDA:0,(anonymous_1)
FNDA:0,(anonymous_2)
DA:9,1
DA:10,0
DA:11,0
DA:12,0
DA:15,1
DA:16,0
DA:17,0
DA:20,0
DA:22,0
DA:23,0
LF:10
LH:2
BRDA:22,0,0,0
BRDA:22,0,1,0
BRF:2
BRH:0
end_of_record
TN:
SF:src\store\actions.js
FN:33,(anonymous_0)
FN:37,(anonymous_1)
FN:41,(anonymous_2)
FN:47,(anonymous_3)
FN:52,(anonymous_4)
FN:56,(anonymous_5)
FN:62,(anonymous_6)
FN:63,(anonymous_7)
FN:75,(anonymous_8)
FN:79,(anonymous_9)
FN:83,(anonymous_10)
FN:84,(anonymous_11)
FN:99,(anonymous_12)
FN:104,(anonymous_13)
FN:108,(anonymous_14)
FN:114,(anonymous_15)
FN:115,(anonymous_16)
FN:130,(anonymous_17)
FN:135,(anonymous_18)
FN:139,(anonymous_19)
FN:145,(anonymous_20)
FN:146,(anonymous_21)
FN:158,(anonymous_22)
FN:163,(anonymous_23)
FN:167,(anonymous_24)
FN:173,(anonymous_25)
FN:174,(anonymous_26)
FN:189,(anonymous_27)
FN:193,(anonymous_28)
FN:197,(anonymous_29)
FN:203,(anonymous_30)
FN:204,(anonymous_31)
FNF:32
FNH:3
FNDA:1,(anonymous_0)
FNDA:0,(anonymous_1)
FNDA:0,(anonymous_2)
FNDA:0,(anonymous_3)
FNDA:0,(anonymous_4)
FNDA:0,(anonymous_5)
FNDA:0,(anonymous_6)
FNDA:0,(anonymous_7)
FNDA:0,(anonymous_8)
FNDA:1,(anonymous_9)
FNDA:0,(anonymous_10)
FNDA:0,(anonymous_11)
FNDA:0,(anonymous_12)
FNDA:0,(anonymous_13)
FNDA:0,(anonymous_14)
FNDA:0,(anonymous_15)
FNDA:0,(anonymous_16)
FNDA:0,(anonymous_17)
FNDA:2,(anonymous_18)
FNDA:0,(anonymous_19)
FNDA:0,(anonymous_20)
FNDA:0,(anonymous_21)
FNDA:0,(anonymous_22)
FNDA:0,(anonymous_23)
FNDA:0,(anonymous_24)
FNDA:0,(anonymous_25)
FNDA:0,(anonymous_26)
FNDA:0,(anonymous_27)
FNDA:0,(anonymous_28)
FNDA:0,(anonymous_29)
FNDA:0,(anonymous_30)
FNDA:0,(anonymous_31)
DA:33,1
DA:37,1
DA:41,1
DA:47,1
DA:52,1
DA:56,1
DA:62,1
DA:63,0
DA:64,0
DA:65,0
DA:66,0
DA:67,0
DA:69,0
DA:70,0
DA:75,1
DA:79,1
DA:83,1
DA:84,0
DA:85,0
DA:86,0
DA:88,0
DA:89,0
DA:90,0
DA:91,0
DA:93,0
DA:94,0
DA:99,1
DA:104,1
DA:108,1
DA:114,1
DA:115,0
DA:116,0
DA:117,0
DA:119,0
DA:120,0
DA:121,0
DA:122,0
DA:124,0
DA:125,0
DA:130,1
DA:135,2
DA:139,1
DA:145,1
DA:146,0
DA:147,0
DA:148,0
DA:149,0
DA:150,0
DA:152,0
DA:153,0
DA:158,1
DA:163,1
DA:167,1
DA:173,1
DA:174,0
DA:175,0
DA:176,0
DA:178,0
DA:179,0
DA:180,0
DA:181,0
DA:183,0
DA:184,0
DA:189,1
DA:193,1
DA:197,1
DA:203,1
DA:204,0
DA:205,0
DA:206,0
DA:207,0
DA:208,0
DA:210,0
DA:211,0
LF:74
LH:26
BRDA:85,0,0,0
BRDA:85,0,1,0
BRDA:116,1,0,0
BRDA:116,1,1,0
BRDA:175,2,0,0
BRDA:175,2,1,0
BRF:6
BRH:0
end_of_record
TN:
SF:src\store\reducers.js
FN:24,(anonymous_0)
FN:35,(anonymous_1)
FN:51,(anonymous_2)
FN:67,(anonymous_3)
FNF:4
FNH:1
FNDA:4,(anonymous_0)
FNDA:0,(anonymous_1)
FNDA:0,(anonymous_2)
FNDA:0,(anonymous_3)
DA:11,1
DA:24,1
DA:25,4
DA:27,1
DA:29,1
DA:31,2
DA:35,1
DA:36,0
DA:38,0
DA:41,0
DA:43,0
DA:45,0
DA:47,0
DA:51,1
DA:52,0
DA:53,0
DA:55,0
DA:56,0
DA:58,0
DA:59,0
DA:61,0
DA:62,0
DA:64,0
DA:67,1
DA:68,0
DA:70,0
DA:72,0
LF:27
LH:9
BRDA:24,0,0,1
BRDA:25,1,0,1
BRDA:25,1,1,1
BRDA:25,1,2,2
BRDA:35,2,0,0
BRDA:36,3,0,0
BRDA:36,3,1,0
BRDA:36,3,2,0
BRDA:36,3,3,0
BRDA:36,3,4,0
BRDA:51,4,0,0
BRDA:52,5,0,0
BRDA:52,5,1,0
BRDA:55,6,0,0
BRDA:55,6,1,0
BRDA:58,7,0,0
BRDA:58,7,1,0
BRDA:61,8,0,0
BRDA:61,8,1,0
BRDA:67,9,0,0
BRDA:68,10,0,0
BRDA:68,10,1,0
BRF:22
BRH:4
end_of_record
TN:
SF:src\store\selectors.js
FN:1,(anonymous_0)
FN:2,(anonymous_1)
FN:3,(anonymous_2)
FN:3,(anonymous_3)
FN:4,(anonymous_4)
FN:5,(anonymous_5)
FN:6,(anonymous_6)
FN:7,(anonymous_7)
FNF:8
FNH:4
FNDA:0,(anonymous_0)
FNDA:2,(anonymous_1)
FNDA:2,(anonymous_2)
FNDA:2,(anonymous_3)
FNDA:2,(anonymous_4)
FNDA:0,(anonymous_5)
FNDA:0,(anonymous_6)
FNDA:0,(anonymous_7)
DA:1,2
DA:2,2
DA:3,2
DA:4,2
DA:5,2
DA:6,2
DA:7,2
LF:7
LH:7
BRF:0
BRH:0
end_of_record
TN:
SF:src\store\types.js
FNF:0
FNH:0
DA:1,1
DA:2,1
DA:3,1
DA:5,1
DA:7,1
DA:9,1
DA:10,1
DA:11,1
DA:13,1
DA:14,1
DA:15,1
DA:17,1
DA:18,1
DA:19,1
DA:21,1
DA:22,1
DA:23,1
DA:25,1
DA:26,1
DA:27,1
LF:20
LH:20
BRF:0
BRH:0
end_of_record
TN:
SF:src\utils\storage.js
FN:2,(anonymous_0)
FN:9,(anonymous_1)
FN:12,(anonymous_2)
FN:15,(anonymous_3)
FNF:4
FNH:0
FNDA:0,(anonymous_0)
FNDA:0,(anonymous_1)
FNDA:0,(anonymous_2)
FNDA:0,(anonymous_3)
DA:1,1
DA:3,0
DA:4,0
DA:5,0
DA:7,0
DA:10,0
DA:13,0
DA:16,0
LF:8
LH:1
BRDA:4,0,0,0
BRDA:4,0,1,0
BRF:2
BRH:0
end_of_record
